2024-04-15T17:56:25.173+02:00  INFO 10217 --- [udd-be] [main] uddbe.DemoApplication                    : Starting DemoApplication using Java 19.0.2 with PID 10217 (/mnt/ACA058A9A0587C30/Faks/Master/Sandra/udd/projekat/udd/udd-be/target/classes started by pavle in /mnt/ACA058A9A0587C30/Faks/Master/Sandra/udd/projekat/udd/udd-be)
2024-04-15T17:56:25.176+02:00  INFO 10217 --- [udd-be] [main] uddbe.DemoApplication                    : No active profile set, falling back to 1 default profile: "default"
2024-04-15T17:56:25.817+02:00  INFO 10217 --- [udd-be] [main] .s.d.r.c.RepositoryConfigurationDelegate : Multiple Spring Data modules found, entering strict repository configuration mode
2024-04-15T17:56:25.822+02:00  INFO 10217 --- [udd-be] [main] .s.d.r.c.RepositoryConfigurationDelegate : Bootstrapping Spring Data Elasticsearch repositories in DEFAULT mode.
2024-04-15T17:56:25.850+02:00  INFO 10217 --- [udd-be] [main] .s.d.r.c.RepositoryConfigurationDelegate : Finished Spring Data repository scanning in 9 ms. Found 0 Elasticsearch repository interfaces.
2024-04-15T17:56:26.423+02:00  INFO 10217 --- [udd-be] [main] .s.d.r.c.RepositoryConfigurationDelegate : Multiple Spring Data modules found, entering strict repository configuration mode
2024-04-15T17:56:26.424+02:00  INFO 10217 --- [udd-be] [main] .s.d.r.c.RepositoryConfigurationDelegate : Bootstrapping Spring Data Elasticsearch repositories in DEFAULT mode.
2024-04-15T17:56:26.468+02:00  INFO 10217 --- [udd-be] [main] .RepositoryConfigurationExtensionSupport : Spring Data Elasticsearch - Could not safely identify store assignment for repository candidate interface uddbe.respository.ContractRepository; If you want this repository to be a Elasticsearch repository, consider annotating your entities with one of these annotations: org.springframework.data.elasticsearch.annotations.Document (preferred), or consider extending one of the following types with your repository: org.springframework.data.elasticsearch.repository.ElasticsearchRepository, org.springframework.data.elasticsearch.repository.ElasticsearchRepository
2024-04-15T17:56:26.486+02:00  INFO 10217 --- [udd-be] [main] .s.d.r.c.RepositoryConfigurationDelegate : Finished Spring Data repository scanning in 62 ms. Found 1 Elasticsearch repository interface.
2024-04-15T17:56:26.493+02:00  INFO 10217 --- [udd-be] [main] .s.d.r.c.RepositoryConfigurationDelegate : Multiple Spring Data modules found, entering strict repository configuration mode
2024-04-15T17:56:26.494+02:00  INFO 10217 --- [udd-be] [main] .s.d.r.c.RepositoryConfigurationDelegate : Bootstrapping Spring Data Reactive Elasticsearch repositories in DEFAULT mode.
2024-04-15T17:56:26.502+02:00  INFO 10217 --- [udd-be] [main] .RepositoryConfigurationExtensionSupport : Spring Data Reactive Elasticsearch - Could not safely identify store assignment for repository candidate interface uddbe.respository.ContractRepository; If you want this repository to be a Reactive Elasticsearch repository, consider annotating your entities with one of these annotations: org.springframework.data.elasticsearch.annotations.Document (preferred), or consider extending one of the following types with your repository: org.springframework.data.elasticsearch.repository.ReactiveElasticsearchRepository
2024-04-15T17:56:26.503+02:00  INFO 10217 --- [udd-be] [main] .s.d.r.c.RepositoryConfigurationDelegate : Finished Spring Data repository scanning in 8 ms. Found 0 Reactive Elasticsearch repository interfaces.
2024-04-15T17:56:26.511+02:00  INFO 10217 --- [udd-be] [main] .s.d.r.c.RepositoryConfigurationDelegate : Multiple Spring Data modules found, entering strict repository configuration mode
2024-04-15T17:56:26.512+02:00  INFO 10217 --- [udd-be] [main] .s.d.r.c.RepositoryConfigurationDelegate : Bootstrapping Spring Data JPA repositories in DEFAULT mode.
2024-04-15T17:56:26.527+02:00  INFO 10217 --- [udd-be] [main] .RepositoryConfigurationExtensionSupport : Spring Data JPA - Could not safely identify store assignment for repository candidate interface uddbe.indexrepository.ContractIndexRepository; If you want this repository to be a JPA repository, consider annotating your entities with one of these annotations: jakarta.persistence.Entity, jakarta.persistence.MappedSuperclass (preferred), or consider extending one of the following types with your repository: org.springframework.data.jpa.repository.JpaRepository
2024-04-15T17:56:26.537+02:00  INFO 10217 --- [udd-be] [main] .s.d.r.c.RepositoryConfigurationDelegate : Finished Spring Data repository scanning in 20 ms. Found 1 JPA repository interface.
2024-04-15T17:56:27.114+02:00  INFO 10217 --- [udd-be] [main] o.s.b.w.embedded.tomcat.TomcatWebServer  : Tomcat initialized with port 8080 (http)
2024-04-15T17:56:27.135+02:00  INFO 10217 --- [udd-be] [main] o.apache.catalina.core.StandardService   : Starting service [Tomcat]
2024-04-15T17:56:27.136+02:00  INFO 10217 --- [udd-be] [main] o.apache.catalina.core.StandardEngine    : Starting Servlet engine: [Apache Tomcat/10.1.19]
2024-04-15T17:56:27.292+02:00  INFO 10217 --- [udd-be] [main] o.a.c.c.C.[Tomcat].[localhost].[/]       : Initializing Spring embedded WebApplicationContext
2024-04-15T17:56:27.293+02:00  INFO 10217 --- [udd-be] [main] w.s.c.ServletWebServerApplicationContext : Root WebApplicationContext: initialization completed in 2086 ms
2024-04-15T17:56:27.510+02:00  INFO 10217 --- [udd-be] [main] o.hibernate.jpa.internal.util.LogHelper  : HHH000204: Processing PersistenceUnitInfo [name: default]
2024-04-15T17:56:27.588+02:00  INFO 10217 --- [udd-be] [main] org.hibernate.Version                    : HHH000412: Hibernate ORM core version 6.4.4.Final
2024-04-15T17:56:27.632+02:00  INFO 10217 --- [udd-be] [main] o.h.c.internal.RegionFactoryInitiator    : HHH000026: Second-level cache disabled
2024-04-15T17:56:27.916+02:00  INFO 10217 --- [udd-be] [main] o.s.o.j.p.SpringPersistenceUnitInfo      : No LoadTimeWeaver setup: ignoring JPA class transformer
2024-04-15T17:56:27.953+02:00  INFO 10217 --- [udd-be] [main] com.zaxxer.hikari.HikariDataSource       : HikariPool-1 - Starting...
2024-04-15T17:56:28.307+02:00  INFO 10217 --- [udd-be] [main] com.zaxxer.hikari.pool.HikariPool        : HikariPool-1 - Added connection org.postgresql.jdbc.PgConnection@4fa8bebb
2024-04-15T17:56:28.309+02:00  INFO 10217 --- [udd-be] [main] com.zaxxer.hikari.HikariDataSource       : HikariPool-1 - Start completed.
2024-04-15T17:56:28.380+02:00  WARN 10217 --- [udd-be] [main] org.hibernate.orm.deprecation            : HHH90000025: PostgreSQLDialect does not need to be specified explicitly using 'hibernate.dialect' (remove the property setting and it will be selected by default)
2024-04-15T17:56:29.895+02:00  INFO 10217 --- [udd-be] [main] o.h.e.t.j.p.i.JtaPlatformInitiator       : HHH000489: No JTA platform available (set 'hibernate.transaction.jta.platform' to enable JTA platform integration)
2024-04-15T17:56:30.005+02:00  INFO 10217 --- [udd-be] [main] j.LocalContainerEntityManagerFactoryBean : Initialized JPA EntityManagerFactory for persistence unit 'default'
2024-04-15T17:56:37.607+02:00  WARN 10217 --- [udd-be] [main] .s.s.UserDetailsServiceAutoConfiguration : 

Using generated security password: e0937148-a786-4632-be5a-ae160707e626

This generated password is for development use only. Your security configuration must be updated before running your application in production.

2024-04-15T17:56:38.027+02:00  INFO 10217 --- [udd-be] [main] o.s.s.web.DefaultSecurityFilterChain     : Will secure any request with [org.springframework.security.web.session.DisableEncodeUrlFilter@4af8ff3, org.springframework.security.web.context.request.async.WebAsyncManagerIntegrationFilter@7b7268db, org.springframework.security.web.context.SecurityContextHolderFilter@80347b2, org.springframework.security.web.header.HeaderWriterFilter@2e04dbc1, org.springframework.web.filter.CorsFilter@1d8230cd, org.springframework.security.web.authentication.logout.LogoutFilter@79f6b43a, org.springframework.security.web.savedrequest.RequestCacheAwareFilter@5cd5e1b6, org.springframework.security.web.servletapi.SecurityContextHolderAwareRequestFilter@220a7f95, org.springframework.security.web.authentication.AnonymousAuthenticationFilter@b257072, org.springframework.security.web.session.SessionManagementFilter@b61aa50, org.springframework.security.web.access.ExceptionTranslationFilter@12b962b1, org.springframework.security.web.access.intercept.AuthorizationFilter@138d85f8]
2024-04-15T17:56:38.360+02:00  INFO 10217 --- [udd-be] [main] o.s.b.w.embedded.tomcat.TomcatWebServer  : Tomcat started on port 8080 (http) with context path ''
2024-04-15T17:56:38.368+02:00  INFO 10217 --- [udd-be] [main] uddbe.DemoApplication                    : Started DemoApplication in 13.563 seconds (process running for 14.13)
2024-04-15T17:59:11.279+02:00  INFO 10217 --- [udd-be] [http-nio-0.0.0.0-8080-exec-1] o.a.c.c.C.[Tomcat].[localhost].[/]       : Initializing Spring DispatcherServlet 'dispatcherServlet'
2024-04-15T17:59:11.280+02:00  INFO 10217 --- [udd-be] [http-nio-0.0.0.0-8080-exec-1] o.s.web.servlet.DispatcherServlet        : Initializing Servlet 'dispatcherServlet'
2024-04-15T17:59:11.281+02:00  INFO 10217 --- [udd-be] [http-nio-0.0.0.0-8080-exec-1] o.s.web.servlet.DispatcherServlet        : Completed initialization in 1 ms
2024-04-15T18:00:34.078+02:00  WARN 10217 --- [udd-be] [http-nio-0.0.0.0-8080-exec-3] .w.s.m.s.DefaultHandlerExceptionResolver : Resolved [org.springframework.web.HttpMediaTypeNotSupportedException: Content-Type 'text/plain;charset=UTF-8' is not supported]
2024-04-15T18:01:51.891+02:00  WARN 10217 --- [udd-be] [http-nio-0.0.0.0-8080-exec-5] o.s.web.servlet.PageNotFound             : No mapping for POST /api/index/contract/
2024-04-15T18:01:51.893+02:00  WARN 10217 --- [udd-be] [http-nio-0.0.0.0-8080-exec-5] o.s.web.servlet.PageNotFound             : No endpoint POST /api/index/contract/.
2024-04-15T18:02:21.954+02:00  WARN 10217 --- [udd-be] [http-nio-0.0.0.0-8080-exec-6] .w.s.m.s.DefaultHandlerExceptionResolver : Resolved [org.springframework.web.HttpMediaTypeNotSupportedException: Content-Type 'text/plain;charset=UTF-8' is not supported]
2024-04-15T18:16:00.826+02:00  INFO 10217 --- [udd-be] [SpringApplicationShutdownHook] j.LocalContainerEntityManagerFactoryBean : Closing JPA EntityManagerFactory for persistence unit 'default'
2024-04-15T18:16:00.829+02:00  INFO 10217 --- [udd-be] [SpringApplicationShutdownHook] com.zaxxer.hikari.HikariDataSource       : HikariPool-1 - Shutdown initiated...
2024-04-15T18:16:00.840+02:00  INFO 10217 --- [udd-be] [SpringApplicationShutdownHook] com.zaxxer.hikari.HikariDataSource       : HikariPool-1 - Shutdown completed.
